/*C2*/SET SCHEMA PUBLIC
DELETE FROM DATABASECHANGELOGLOCK WHERE ID=1
INSERT INTO DATABASECHANGELOGLOCK VALUES(1,FALSE,NULL,NULL)
COMMIT
/*C1*/SET SCHEMA SYSTEM_LOBS
INSERT INTO LOB_IDS VALUES(261,357,0,40)
ALTER SEQUENCE SYSTEM_LOBS.LOB_ID RESTART WITH 262
COMMIT
DELETE FROM BLOCKS WHERE BLOCK_ADDR=229
INSERT INTO BLOCKS VALUES(229,1,0)
INSERT INTO BLOCKS VALUES(230,2147483417,0)
DELETE FROM BLOCKS WHERE BLOCK_ADDR=229
INSERT INTO LOBS VALUES(229,1,0,261)
COMMIT
/*C2*/DELETE FROM FLOWUI_USER_SETTINGS WHERE ID='168a5657-1be3-8beb-6713-ea66f07a1216'
INSERT INTO FLOWUI_USER_SETTINGS VALUES('168a5657-1be3-8beb-6713-ea66f07a1216','2024-05-28 00:03:58.338000','admin','admin','WarehouseStat.list',261)
SET SCHEMA SYSTEM_LOBS
DELETE FROM LOB_IDS WHERE LOB_ID=255
INSERT INTO LOB_IDS VALUES(255,300,0,40)
DELETE FROM LOB_IDS WHERE LOB_ID=261
INSERT INTO LOB_IDS VALUES(261,357,1,40)
COMMIT
/*C1*/INSERT INTO LOB_IDS VALUES(262,673,0,40)
ALTER SEQUENCE SYSTEM_LOBS.LOB_ID RESTART WITH 263
COMMIT
DELETE FROM BLOCKS WHERE BLOCK_ADDR=230
INSERT INTO BLOCKS VALUES(230,1,0)
INSERT INTO BLOCKS VALUES(231,2147483416,0)
DELETE FROM BLOCKS WHERE BLOCK_ADDR=230
INSERT INTO LOBS VALUES(230,1,0,262)
COMMIT
/*C2*/SET SCHEMA PUBLIC
DELETE FROM FLOWUI_USER_SETTINGS WHERE ID='168a5657-1be3-8beb-6713-ea66f07a1216'
INSERT INTO FLOWUI_USER_SETTINGS VALUES('168a5657-1be3-8beb-6713-ea66f07a1216','2024-05-28 00:03:58.338000','admin','admin','WarehouseStat.list',262)
SET SCHEMA SYSTEM_LOBS
DELETE FROM LOB_IDS WHERE LOB_ID=261
INSERT INTO LOB_IDS VALUES(261,357,0,40)
DELETE FROM LOB_IDS WHERE LOB_ID=262
INSERT INTO LOB_IDS VALUES(262,673,1,40)
COMMIT
SET SCHEMA PUBLIC
DELETE FROM FLOWUI_USER_SETTINGS WHERE ID='168a5657-1be3-8beb-6713-ea66f07a1216'
DELETE FROM FLOWUI_USER_SETTINGS WHERE ID='df93c3b5-29ce-4b42-f0d7-6fb2e854fb34'
SET SCHEMA SYSTEM_LOBS
DELETE FROM LOB_IDS WHERE LOB_ID=262
INSERT INTO LOB_IDS VALUES(262,673,0,40)
DELETE FROM LOB_IDS WHERE LOB_ID=256
INSERT INTO LOB_IDS VALUES(256,351,0,40)
COMMIT
